<!DOCTYPE HTML PUBLIC "-//W3C//DTD HTML 4.01 Transitional//EN" "http://www.w3.org/TR/html4/loose.dtd">
<html>
<head>
<title>Log4J Log Messages</title>
<style type="text/css">
<!--
body, table {font-family: arial,sans-serif; font-size: x-small;}
th {background: #336699; color: #FFFFFF; text-align: left;}
-->
</style>
</head>
<body bgcolor="#FFFFFF" topmargin="6" leftmargin="6">
<hr size="1" noshade>
Log session start time Sat May 12 21:53:49 CST 2018<br>
<br>
<table cellspacing="0" cellpadding="4" border="1" bordercolor="#224466" width="100%">
<tr>
<th>Time</th>
<th>Thread</th>
<th>Level</th>
<th>Category</th>
<th>Message</th>
</tr>

<tr>
<td>403</td>
<td title="main thread">main</td>
<td title="Level">INFO</td>
<td title="org.eclipse.jetty.util.log category">org.eclipse.jetty.util.log</td>
<td title="Message">Logging to org.slf4j.impl.Log4jLoggerAdapter(org.eclipse.jetty.util.log) via org.eclipse.jetty.util.log.Slf4jLog</td>
</tr>

<tr>
<td>590</td>
<td title="main thread">main</td>
<td title="Level">INFO</td>
<td title="org.eclipse.jetty.util.log category">org.eclipse.jetty.util.log</td>
<td title="Message">jetty-2.0.102</td>
</tr>

<tr>
<td>10609</td>
<td title="main thread">main</td>
<td title="Level">INFO</td>
<td title="org.eclipse.jetty.util.log category">org.eclipse.jetty.util.log</td>
<td title="Message">Started SelectChannelConnector@0.0.0.0:8080</td>
</tr>

<tr>
<td>12222</td>
<td title="qtp1093441885-19 thread">qtp1093441885-19</td>
<td title="Level">INFO</td>
<td title="com.mockey.ui.HomeServlet category">com.mockey.ui.HomeServlet</td>
<td title="Message">Loaded definitions from D:\projects\Mockey-master\dist\mock_service_definitions.xml</td>
</tr>
